C:\USERS\ASUS\DESKTOP\PROJECT\30_PROJECT\30_CODE\MAIN_APPLICATION\ALARM\DEBUG\.NETFRAMEWORK,VERSION=V4.0.ASSEMBLYATTRIBUTES.OBJ
C:\USERS\ASUS\DESKTOP\PROJECT\30_PROJECT\30_CODE\MAIN_APPLICATION\ALARM\DEBUG\ALARM.EXE.INTERMEDIATE.MANIFEST
C:\USERS\ASUS\DESKTOP\PROJECT\30_PROJECT\30_CODE\MAIN_APPLICATION\ALARM\DEBUG\ALARM.OBJ
C:\USERS\ASUS\DESKTOP\PROJECT\30_PROJECT\30_CODE\MAIN_APPLICATION\ALARM\DEBUG\ALARM.PCH
C:\USERS\ASUS\DESKTOP\PROJECT\30_PROJECT\30_CODE\MAIN_APPLICATION\ALARM\DEBUG\APP.RES
C:\USERS\ASUS\DESKTOP\PROJECT\30_PROJECT\30_CODE\MAIN_APPLICATION\ALARM\DEBUG\ASSEMBLYINFO.OBJ
C:\USERS\ASUS\DESKTOP\PROJECT\30_PROJECT\30_CODE\MAIN_APPLICATION\ALARM\DEBUG\STDAFX.OBJ
C:\USERS\ASUS\DESKTOP\PROJECT\30_PROJECT\30_CODE\MAIN_APPLICATION\ALARM\DEBUG\VC100.PDB
C:\USERS\ASUS\DESKTOP\PROJECT\30_PROJECT\30_CODE\MAIN_APPLICATION\DEBUG\ALARM.EXE
C:\USERS\ASUS\DESKTOP\PROJECT\30_PROJECT\30_CODE\MAIN_APPLICATION\DEBUG\ALARM.ILK
C:\USERS\ASUS\DESKTOP\PROJECT\30_PROJECT\30_CODE\MAIN_APPLICATION\DEBUG\ALARM.PDB
C:\Users\Asus\Desktop\vs\25_Alarm_clock\25_code\Main_Application\Alarm\Debug\.NETFramework,Version=v4.0.AssemblyAttributes.obj
C:\Users\Asus\Desktop\vs\25_Alarm_clock\25_code\Main_Application\Alarm\Debug\Alarm.exe.intermediate.manifest
C:\Users\Asus\Desktop\vs\25_Alarm_clock\25_code\Main_Application\Alarm\Debug\Alarm.Form1.resources
C:\Users\Asus\Desktop\vs\25_Alarm_clock\25_code\Main_Application\Alarm\Debug\Alarm.obj
C:\Users\Asus\Desktop\vs\25_Alarm_clock\25_code\Main_Application\Alarm\Debug\Alarm.pch
C:\Users\Asus\Desktop\vs\25_Alarm_clock\25_code\Main_Application\Alarm\Debug\Alarm.vcxproj.GenerateResource.Cache
C:\Users\Asus\Desktop\vs\25_Alarm_clock\25_code\Main_Application\Alarm\Debug\Alarm.vcxprojResolveAssemblyReference.cache
C:\Users\Asus\Desktop\vs\25_Alarm_clock\25_code\Main_Application\Alarm\Debug\Alarm.write.1.tlog
C:\Users\Asus\Desktop\vs\25_Alarm_clock\25_code\Main_Application\Alarm\Debug\app.res
C:\Users\Asus\Desktop\vs\25_Alarm_clock\25_code\Main_Application\Alarm\Debug\AssemblyInfo.obj
C:\Users\Asus\Desktop\vs\25_Alarm_clock\25_code\Main_Application\Alarm\Debug\cl.command.1.tlog
C:\Users\Asus\Desktop\vs\25_Alarm_clock\25_code\Main_Application\Alarm\Debug\CL.read.1.tlog
C:\Users\Asus\Desktop\vs\25_Alarm_clock\25_code\Main_Application\Alarm\Debug\CL.write.1.tlog
C:\Users\Asus\Desktop\vs\25_Alarm_clock\25_code\Main_Application\Alarm\Debug\link.15656.read.1.tlog
C:\Users\Asus\Desktop\vs\25_Alarm_clock\25_code\Main_Application\Alarm\Debug\link.15656.write.1.tlog
C:\Users\Asus\Desktop\vs\25_Alarm_clock\25_code\Main_Application\Alarm\Debug\link.15656-cvtres.read.1.tlog
C:\Users\Asus\Desktop\vs\25_Alarm_clock\25_code\Main_Application\Alarm\Debug\link.15656-cvtres.write.1.tlog
C:\Users\Asus\Desktop\vs\25_Alarm_clock\25_code\Main_Application\Alarm\Debug\link.5676.read.1.tlog
C:\Users\Asus\Desktop\vs\25_Alarm_clock\25_code\Main_Application\Alarm\Debug\link.5676.write.1.tlog
C:\Users\Asus\Desktop\vs\25_Alarm_clock\25_code\Main_Application\Alarm\Debug\link.5676-cvtres.read.1.tlog
C:\Users\Asus\Desktop\vs\25_Alarm_clock\25_code\Main_Application\Alarm\Debug\link.5676-cvtres.write.1.tlog
C:\Users\Asus\Desktop\vs\25_Alarm_clock\25_code\Main_Application\Alarm\Debug\link.command.1.tlog
C:\Users\Asus\Desktop\vs\25_Alarm_clock\25_code\Main_Application\Alarm\Debug\link.read.1.tlog
C:\Users\Asus\Desktop\vs\25_Alarm_clock\25_code\Main_Application\Alarm\Debug\link.write.1.tlog
C:\Users\Asus\Desktop\vs\25_Alarm_clock\25_code\Main_Application\Alarm\Debug\metagen.read.1.tlog
C:\Users\Asus\Desktop\vs\25_Alarm_clock\25_code\Main_Application\Alarm\Debug\metagen.write.1.tlog
C:\Users\Asus\Desktop\vs\25_Alarm_clock\25_code\Main_Application\Alarm\Debug\mt.command.1.tlog
C:\Users\Asus\Desktop\vs\25_Alarm_clock\25_code\Main_Application\Alarm\Debug\mt.read.1.tlog
C:\Users\Asus\Desktop\vs\25_Alarm_clock\25_code\Main_Application\Alarm\Debug\mt.write.1.tlog
C:\Users\Asus\Desktop\vs\25_Alarm_clock\25_code\Main_Application\Alarm\Debug\rc.command.1.tlog
C:\Users\Asus\Desktop\vs\25_Alarm_clock\25_code\Main_Application\Alarm\Debug\rc.read.1.tlog
C:\Users\Asus\Desktop\vs\25_Alarm_clock\25_code\Main_Application\Alarm\Debug\rc.write.1.tlog
C:\Users\Asus\Desktop\vs\25_Alarm_clock\25_code\Main_Application\Alarm\Debug\RSAENH.DLL.bi
C:\Users\Asus\Desktop\vs\25_Alarm_clock\25_code\Main_Application\Alarm\Debug\stdafx.obj
C:\Users\Asus\Desktop\vs\25_Alarm_clock\25_code\Main_Application\Alarm\Debug\TZRES.DLL.bi
C:\Users\Asus\Desktop\vs\25_Alarm_clock\25_code\Main_Application\Alarm\Debug\vc100.pdb
C:\Users\Asus\Desktop\vs\25_Alarm_clock\25_code\Main_Application\Debug\Alarm.exe
C:\Users\Asus\Desktop\vs\25_Alarm_clock\25_code\Main_Application\Debug\Alarm.ilk
C:\Users\Asus\Desktop\vs\25_Alarm_clock\25_code\Main_Application\Debug\Alarm.pdb
C:\USERS\MACHIBE ZLG\DESKTOP\IITG\SPEECH PROCESSING\SPEECH PROCESSING\SPEECH PROCESSING\30_PROJECT\30_CODE\MAIN_APPLICATION\ALARM\DEBUG\.NETFRAMEWORK,VERSION=V4.0.ASSEMBLYATTRIBUTES.OBJ
C:\USERS\MACHIBE ZLG\DESKTOP\IITG\SPEECH PROCESSING\SPEECH PROCESSING\SPEECH PROCESSING\30_PROJECT\30_CODE\MAIN_APPLICATION\ALARM\DEBUG\ALARM.EXE.INTERMEDIATE.MANIFEST
C:\USERS\MACHIBE ZLG\DESKTOP\IITG\SPEECH PROCESSING\SPEECH PROCESSING\SPEECH PROCESSING\30_PROJECT\30_CODE\MAIN_APPLICATION\ALARM\DEBUG\ALARM.OBJ
C:\USERS\MACHIBE ZLG\DESKTOP\IITG\SPEECH PROCESSING\SPEECH PROCESSING\SPEECH PROCESSING\30_PROJECT\30_CODE\MAIN_APPLICATION\ALARM\DEBUG\ALARM.PCH
C:\USERS\MACHIBE ZLG\DESKTOP\IITG\SPEECH PROCESSING\SPEECH PROCESSING\SPEECH PROCESSING\30_PROJECT\30_CODE\MAIN_APPLICATION\ALARM\DEBUG\APP.RES
C:\USERS\MACHIBE ZLG\DESKTOP\IITG\SPEECH PROCESSING\SPEECH PROCESSING\SPEECH PROCESSING\30_PROJECT\30_CODE\MAIN_APPLICATION\ALARM\DEBUG\ASSEMBLYINFO.OBJ
C:\USERS\MACHIBE ZLG\DESKTOP\IITG\SPEECH PROCESSING\SPEECH PROCESSING\SPEECH PROCESSING\30_PROJECT\30_CODE\MAIN_APPLICATION\ALARM\DEBUG\STDAFX.OBJ
C:\USERS\MACHIBE ZLG\DESKTOP\IITG\SPEECH PROCESSING\SPEECH PROCESSING\SPEECH PROCESSING\30_PROJECT\30_CODE\MAIN_APPLICATION\ALARM\DEBUG\VC100.PDB
C:\USERS\MACHIBE ZLG\DESKTOP\IITG\SPEECH PROCESSING\SPEECH PROCESSING\SPEECH PROCESSING\30_PROJECT\30_CODE\MAIN_APPLICATION\DEBUG\ALARM.EXE
C:\USERS\MACHIBE ZLG\DESKTOP\IITG\SPEECH PROCESSING\SPEECH PROCESSING\SPEECH PROCESSING\30_PROJECT\30_CODE\MAIN_APPLICATION\DEBUG\ALARM.ILK
C:\USERS\MACHIBE ZLG\DESKTOP\IITG\SPEECH PROCESSING\SPEECH PROCESSING\SPEECH PROCESSING\30_PROJECT\30_CODE\MAIN_APPLICATION\DEBUG\ALARM.PDB
